# app.conf - Application configuration file

# Nginx configuration file path
NGINX_CONFIG_PATH=/path/to/custom/nginx.conf

# Environment variables
APP_ENV=production
DB_HOST=localhost

Starting deployment...
Deployment completed successfully.
Rolling back to the previous version...
Rollback completed.
Provisioning server...
Provisioning completed.
Provisioning server...
Installing dependencies...
Dependencies installed.
Provisioning completed.
Starting deployment...
Updating server configurations...
Server update completed.
Starting services...
Services started.
Deployment completed successfully.
Rolling back to the previous version...
Starting services...
Services started.
Rollback completed.
